0 info it worked if it ends with ok
1 verbose cli [ '/usr/bin/node', '/usr/bin/npm', 'install' ]
2 info using npm@1.4.28
3 info using node@v0.10.32
4 verbose node symlink /usr/bin/node
5 verbose readDependencies using package.json deps
6 verbose install where, deps [ '/home/pit/workspace/adhocShow',
6 verbose install   [ 'express',
6 verbose install     'socket.io',
6 verbose install     'webrtc.io',
6 verbose install     'node-static',
6 verbose install     'peer',
6 verbose install     'body-parser',
6 verbose install     'keen.io',
6 verbose install     'passport',
6 verbose install     'passport-local',
6 verbose install     'mongoose' ] ]
7 info preinstall peer2show@0.1.5
8 verbose readDependencies using package.json deps
9 verbose already installed skipping body-parser@ /home/pit/workspace/adhocShow
10 verbose already installed skipping keen.io@ /home/pit/workspace/adhocShow
11 verbose cache add [ 'passport@~2.0.0', null ]
12 verbose cache add name=undefined spec="passport@~2.0.0" args=["passport@~2.0.0",null]
13 verbose parsed url { protocol: null,
13 verbose parsed url   slashes: null,
13 verbose parsed url   auth: null,
13 verbose parsed url   host: null,
13 verbose parsed url   port: null,
13 verbose parsed url   hostname: null,
13 verbose parsed url   hash: null,
13 verbose parsed url   search: null,
13 verbose parsed url   query: null,
13 verbose parsed url   pathname: 'passport@~2.0.0',
13 verbose parsed url   path: 'passport@~2.0.0',
13 verbose parsed url   href: 'passport@~2.0.0' }
14 verbose cache add [ 'passport-local@~1.0.0', null ]
15 verbose cache add name=undefined spec="passport-local@~1.0.0" args=["passport-local@~1.0.0",null]
16 verbose parsed url { protocol: null,
16 verbose parsed url   slashes: null,
16 verbose parsed url   auth: null,
16 verbose parsed url   host: null,
16 verbose parsed url   port: null,
16 verbose parsed url   hostname: null,
16 verbose parsed url   hash: null,
16 verbose parsed url   search: null,
16 verbose parsed url   query: null,
16 verbose parsed url   pathname: 'passport-local@~1.0.0',
16 verbose parsed url   path: 'passport-local@~1.0.0',
16 verbose parsed url   href: 'passport-local@~1.0.0' }
17 verbose cache add [ 'mongoose@~3.8.18', null ]
18 verbose cache add name=undefined spec="mongoose@~3.8.18" args=["mongoose@~3.8.18",null]
19 verbose parsed url { protocol: null,
19 verbose parsed url   slashes: null,
19 verbose parsed url   auth: null,
19 verbose parsed url   host: null,
19 verbose parsed url   port: null,
19 verbose parsed url   hostname: null,
19 verbose parsed url   hash: null,
19 verbose parsed url   search: null,
19 verbose parsed url   query: null,
19 verbose parsed url   pathname: 'mongoose@~3.8.18',
19 verbose parsed url   path: 'mongoose@~3.8.18',
19 verbose parsed url   href: 'mongoose@~3.8.18' }
20 verbose cache add name="passport" spec="~2.0.0" args=["passport","~2.0.0"]
21 verbose parsed url { protocol: null,
21 verbose parsed url   slashes: null,
21 verbose parsed url   auth: null,
21 verbose parsed url   host: null,
21 verbose parsed url   port: null,
21 verbose parsed url   hostname: null,
21 verbose parsed url   hash: null,
21 verbose parsed url   search: null,
21 verbose parsed url   query: null,
21 verbose parsed url   pathname: '~2.0.0',
21 verbose parsed url   path: '~2.0.0',
21 verbose parsed url   href: '~2.0.0' }
22 verbose addNamed [ 'passport', '~2.0.0' ]
23 verbose addNamed [ null, '>=2.0.0-0 <2.1.0-0' ]
24 verbose cache add name="passport-local" spec="~1.0.0" args=["passport-local","~1.0.0"]
25 verbose parsed url { protocol: null,
25 verbose parsed url   slashes: null,
25 verbose parsed url   auth: null,
25 verbose parsed url   host: null,
25 verbose parsed url   port: null,
25 verbose parsed url   hostname: null,
25 verbose parsed url   hash: null,
25 verbose parsed url   search: null,
25 verbose parsed url   query: null,
25 verbose parsed url   pathname: '~1.0.0',
25 verbose parsed url   path: '~1.0.0',
25 verbose parsed url   href: '~1.0.0' }
26 verbose addNamed [ 'passport-local', '~1.0.0' ]
27 verbose addNamed [ null, '>=1.0.0-0 <1.1.0-0' ]
28 verbose cache add name="mongoose" spec="~3.8.18" args=["mongoose","~3.8.18"]
29 verbose parsed url { protocol: null,
29 verbose parsed url   slashes: null,
29 verbose parsed url   auth: null,
29 verbose parsed url   host: null,
29 verbose parsed url   port: null,
29 verbose parsed url   hostname: null,
29 verbose parsed url   hash: null,
29 verbose parsed url   search: null,
29 verbose parsed url   query: null,
29 verbose parsed url   pathname: '~3.8.18',
29 verbose parsed url   path: '~3.8.18',
29 verbose parsed url   href: '~3.8.18' }
30 verbose addNamed [ 'mongoose', '~3.8.18' ]
31 verbose addNamed [ null, '>=3.8.18-0 <3.9.0-0' ]
32 silly lockFile bd806266-passport-2-0-0 passport@~2.0.0
33 verbose lock passport@~2.0.0 /home/pit/.npm/bd806266-passport-2-0-0.lock
34 silly lockFile 84af7143-passport-local-1-0-0 passport-local@~1.0.0
35 verbose lock passport-local@~1.0.0 /home/pit/.npm/84af7143-passport-local-1-0-0.lock
36 silly lockFile e0e6dcd4-mongoose-3-8-18 mongoose@~3.8.18
37 verbose lock mongoose@~3.8.18 /home/pit/.npm/e0e6dcd4-mongoose-3-8-18.lock
38 verbose already installed skipping express@4.x /home/pit/workspace/adhocShow
39 verbose already installed skipping socket.io@~0.9.16 /home/pit/workspace/adhocShow
40 silly addNameRange { name: 'passport-local',
40 silly addNameRange   range: '>=1.0.0-0 <1.1.0-0',
40 silly addNameRange   hasData: false }
41 silly addNameRange { name: 'mongoose',
41 silly addNameRange   range: '>=3.8.18-0 <3.9.0-0',
41 silly addNameRange   hasData: false }
42 verbose already installed skipping webrtc.io@0.0.4 /home/pit/workspace/adhocShow
43 verbose already installed skipping node-static@0.7.0 /home/pit/workspace/adhocShow
44 silly addNameRange { name: 'passport', range: '>=2.0.0-0 <2.1.0-0', hasData: false }
45 verbose already installed skipping peer@0.2.4 /home/pit/workspace/adhocShow
46 verbose request where is /passport-local
47 verbose request registry https://registry.npmjs.org/
48 verbose request id c73b42f1dec1b4bc
49 verbose url raw /passport-local
50 verbose url resolving [ 'https://registry.npmjs.org/', './passport-local' ]
51 verbose url resolved https://registry.npmjs.org/passport-local
52 verbose request where is https://registry.npmjs.org/passport-local
53 info trying registry request attempt 1 at 08:34:09
54 verbose etag "F2MBNKV8QACAF4X2DU6NVNKR8"
55 http GET https://registry.npmjs.org/passport-local
56 verbose request where is /passport
57 verbose request registry https://registry.npmjs.org/
58 verbose url raw /passport
59 verbose url resolving [ 'https://registry.npmjs.org/', './passport' ]
60 verbose url resolved https://registry.npmjs.org/passport
61 verbose request where is https://registry.npmjs.org/passport
62 info trying registry request attempt 1 at 08:34:09
63 verbose etag "A68HBGMOOLAOLHXT15GPVYU8U"
64 http GET https://registry.npmjs.org/passport
65 verbose request where is /mongoose
66 verbose request registry https://registry.npmjs.org/
67 verbose url raw /mongoose
68 verbose url resolving [ 'https://registry.npmjs.org/', './mongoose' ]
69 verbose url resolved https://registry.npmjs.org/mongoose
70 verbose request where is https://registry.npmjs.org/mongoose
71 info trying registry request attempt 1 at 08:34:09
72 verbose etag "4AIUERSUELEOB2N580NXMGVOW"
73 http GET https://registry.npmjs.org/mongoose
74 http 304 https://registry.npmjs.org/passport-local
75 silly registry.get cb [ 304,
75 silly registry.get   { date: 'Sun, 26 Oct 2014 07:34:09 GMT',
75 silly registry.get     server: 'Apache',
75 silly registry.get     via: '1.1 varnish',
75 silly registry.get     'last-modified': 'Sun, 26 Oct 2014 07:33:36 GMT',
75 silly registry.get     'cache-control': 'max-age=60',
75 silly registry.get     etag: '"F2MBNKV8QACAF4X2DU6NVNKR8"',
75 silly registry.get     age: '33',
75 silly registry.get     'x-served-by': 'cache-fra1243-FRA',
75 silly registry.get     'x-cache': 'HIT',
75 silly registry.get     'x-cache-hits': '2',
75 silly registry.get     'x-timer': 'S1414308849.652881,VS0,VE0',
75 silly registry.get     vary: 'Accept',
75 silly registry.get     'content-length': '0',
75 silly registry.get     'keep-alive': 'timeout=10, max=50',
75 silly registry.get     connection: 'Keep-Alive' } ]
76 verbose etag https://registry.npmjs.org/passport-local from cache
77 silly addNameRange number 2 { name: 'passport-local',
77 silly addNameRange   range: '>=1.0.0-0 <1.1.0-0',
77 silly addNameRange   hasData: true }
78 silly addNameRange versions [ 'passport-local',
78 silly addNameRange   [ '0.1.0',
78 silly addNameRange     '0.1.1',
78 silly addNameRange     '0.1.2',
78 silly addNameRange     '0.1.3',
78 silly addNameRange     '0.1.4',
78 silly addNameRange     '0.1.5',
78 silly addNameRange     '0.1.6',
78 silly addNameRange     '1.0.0' ] ]
79 verbose addNamed [ 'passport-local', '1.0.0' ]
80 verbose addNamed [ '1.0.0', '1.0.0' ]
81 silly lockFile 8defd22e-passport-local-1-0-0 passport-local@1.0.0
82 verbose lock passport-local@1.0.0 /home/pit/.npm/8defd22e-passport-local-1-0-0.lock
83 silly lockFile 8defd22e-passport-local-1-0-0 passport-local@1.0.0
84 silly lockFile 8defd22e-passport-local-1-0-0 passport-local@1.0.0
85 silly lockFile 84af7143-passport-local-1-0-0 passport-local@~1.0.0
86 silly lockFile 84af7143-passport-local-1-0-0 passport-local@~1.0.0
87 http 304 https://registry.npmjs.org/passport
88 silly registry.get cb [ 304,
88 silly registry.get   { date: 'Sun, 26 Oct 2014 07:34:09 GMT',
88 silly registry.get     server: 'Apache',
88 silly registry.get     via: '1.1 varnish',
88 silly registry.get     'last-modified': 'Sun, 26 Oct 2014 07:34:09 GMT',
88 silly registry.get     'cache-control': 'max-age=60',
88 silly registry.get     etag: '"A68HBGMOOLAOLHXT15GPVYU8U"',
88 silly registry.get     age: '32',
88 silly registry.get     'x-served-by': 'cache-fra1232-FRA',
88 silly registry.get     'x-cache': 'HIT',
88 silly registry.get     'x-cache-hits': '1',
88 silly registry.get     'x-timer': 'S1414308849.680719,VS0,VE0',
88 silly registry.get     vary: 'Accept',
88 silly registry.get     'content-length': '0',
88 silly registry.get     'keep-alive': 'timeout=10, max=50',
88 silly registry.get     connection: 'Keep-Alive' } ]
89 verbose etag https://registry.npmjs.org/passport from cache
90 http 304 https://registry.npmjs.org/mongoose
91 silly registry.get cb [ 304,
91 silly registry.get   { date: 'Sun, 26 Oct 2014 07:34:09 GMT',
91 silly registry.get     server: 'Apache',
91 silly registry.get     via: '1.1 varnish',
91 silly registry.get     'last-modified': 'Sun, 26 Oct 2014 07:34:09 GMT',
91 silly registry.get     'cache-control': 'max-age=60',
91 silly registry.get     etag: '"4AIUERSUELEOB2N580NXMGVOW"',
91 silly registry.get     age: '3510',
91 silly registry.get     'x-served-by': 'cache-fra1226-FRA',
91 silly registry.get     'x-cache': 'HIT',
91 silly registry.get     'x-cache-hits': '1',
91 silly registry.get     'x-timer': 'S1414308849.690294,VS0,VE1',
91 silly registry.get     vary: 'Accept',
91 silly registry.get     'content-length': '0',
91 silly registry.get     'keep-alive': 'timeout=10, max=50',
91 silly registry.get     connection: 'Keep-Alive' } ]
92 verbose etag https://registry.npmjs.org/mongoose from cache
93 silly addNameRange number 2 { name: 'passport', range: '>=2.0.0-0 <2.1.0-0', hasData: true }
94 silly addNameRange versions [ 'passport',
94 silly addNameRange   [ '0.1.0',
94 silly addNameRange     '0.1.1',
94 silly addNameRange     '0.1.2',
94 silly addNameRange     '0.1.3',
94 silly addNameRange     '0.1.4',
94 silly addNameRange     '0.1.5',
94 silly addNameRange     '0.1.6',
94 silly addNameRange     '0.1.7',
94 silly addNameRange     '0.1.8',
94 silly addNameRange     '0.1.9',
94 silly addNameRange     '0.1.10',
94 silly addNameRange     '0.1.11',
94 silly addNameRange     '0.1.12',
94 silly addNameRange     '0.1.13',
94 silly addNameRange     '0.1.14',
94 silly addNameRange     '0.1.15',
94 silly addNameRange     '0.1.16',
94 silly addNameRange     '0.1.17',
94 silly addNameRange     '0.1.18',
94 silly addNameRange     '0.2.0',
94 silly addNameRange     '0.2.1' ] ]
95 silly lockFile bd806266-passport-2-0-0 passport@~2.0.0
96 silly lockFile bd806266-passport-2-0-0 passport@~2.0.0
97 silly addNameRange number 2 { name: 'mongoose', range: '>=3.8.18-0 <3.9.0-0', hasData: true }
98 silly addNameRange versions [ 'mongoose',
98 silly addNameRange   [ '0.0.1',
98 silly addNameRange     '0.0.2',
98 silly addNameRange     '0.0.3',
98 silly addNameRange     '0.0.4',
98 silly addNameRange     '0.0.5',
98 silly addNameRange     '1.0.0',
98 silly addNameRange     '1.0.1',
98 silly addNameRange     '1.0.2',
98 silly addNameRange     '0.0.6',
98 silly addNameRange     '1.0.3',
98 silly addNameRange     '1.0.4',
98 silly addNameRange     '1.0.5',
98 silly addNameRange     '1.0.6',
98 silly addNameRange     '1.0.7',
98 silly addNameRange     '1.0.8',
98 silly addNameRange     '1.0.10',
98 silly addNameRange     '1.0.11',
98 silly addNameRange     '1.0.12',
98 silly addNameRange     '1.0.13',
98 silly addNameRange     '1.0.14',
98 silly addNameRange     '1.0.15',
98 silly addNameRange     '1.0.16',
98 silly addNameRange     '1.1.0',
98 silly addNameRange     '1.1.1',
98 silly addNameRange     '1.1.2',
98 silly addNameRange     '1.1.3',
98 silly addNameRange     '1.1.4',
98 silly addNameRange     '1.1.5',
98 silly addNameRange     '1.1.6',
98 silly addNameRange     '1.1.7',
98 silly addNameRange     '1.1.8',
98 silly addNameRange     '1.1.9',
98 silly addNameRange     '1.1.10',
98 silly addNameRange     '1.1.11',
98 silly addNameRange     '1.1.12',
98 silly addNameRange     '1.1.13',
98 silly addNameRange     '1.1.14',
98 silly addNameRange     '1.1.15',
98 silly addNameRange     '1.1.16',
98 silly addNameRange     '1.1.17',
98 silly addNameRange     '1.1.18',
98 silly addNameRange     '1.1.19',
98 silly addNameRange     '1.1.20',
98 silly addNameRange     '1.1.21',
98 silly addNameRange     '1.1.22',
98 silly addNameRange     '1.1.23',
98 silly addNameRange     '1.1.24',
98 silly addNameRange     '1.1.25',
98 silly addNameRange     '1.2.0',
98 silly addNameRange     '1.3.0',
98 silly addNameRange     '1.3.1',
98 silly addNameRange     '1.3.2',
98 silly addNameRange     '1.3.3',
98 silly addNameRange     '1.3.4',
98 silly addNameRange     '1.3.5',
98 silly addNameRange     '1.3.6',
98 silly addNameRange     '1.3.7',
98 silly addNameRange     '1.4.0',
98 silly addNameRange     '1.5.0',
98 silly addNameRange     '1.6.0',
98 silly addNameRange     '1.7.2',
98 silly addNameRange     '1.7.3',
98 silly addNameRange     '1.7.4',
98 silly addNameRange     '1.8.0',
98 silly addNameRange     '1.8.1',
98 silly addNameRange     '1.8.2',
98 silly addNameRange     '1.8.3',
98 silly addNameRange     '1.8.4',
98 silly addNameRange     '2.0.0',
98 silly addNameRange     '2.0.1',
98 silly addNameRange     '2.0.2',
98 silly addNameRange     '2.0.3',
98 silly addNameRange     '2.0.4',
98 silly addNameRange     '2.1.0',
98 silly addNameRange     '2.1.1',
98 silly addNameRange     '2.1.2',
98 silly addNameRange     '2.1.3',
98 silly addNameRange     '2.1.4',
98 silly addNameRange     '2.2.0',
98 silly addNameRange     '2.2.1',
98 silly addNameRange     '2.2.2',
98 silly addNameRange     '2.2.3',
98 silly addNameRange     '2.2.4',
98 silly addNameRange     '2.3.0',
98 silly addNameRange     '2.3.1',
98 silly addNameRange     '2.3.2',
98 silly addNameRange     '2.3.3',
98 silly addNameRange     '2.3.4',
98 silly addNameRange     '2.3.5',
98 silly addNameRange     '2.3.6',
98 silly addNameRange     '2.3.7',
98 silly addNameRange     '2.3.8',
98 silly addNameRange     '2.3.9',
98 silly addNameRange     '2.3.10',
98 silly addNameRange     '2.3.11',
98 silly addNameRange     '2.3.12',
98 silly addNameRange     '2.3.13',
98 silly addNameRange     '2.4.0',
98 silly addNameRange     '2.4.1',
98 silly addNameRange     '2.4.2',
98 silly addNameRange     '2.4.3',
98 silly addNameRange     '2.4.4',
98 silly addNameRange     '2.4.5',
98 silly addNameRange     '2.4.6',
98 silly addNameRange     '2.4.7',
98 silly addNameRange     '2.4.8',
98 silly addNameRange     '2.4.9',
98 silly addNameRange     '2.4.10',
98 silly addNameRange     '2.5.0',
98 silly addNameRange     '2.5.1',
98 silly addNameRange     '2.5.2',
98 silly addNameRange     '2.5.3',
98 silly addNameRange     '2.5.4',
98 silly addNameRange     '2.5.5',
98 silly addNameRange     '2.5.6',
98 silly addNameRange     '2.5.7',
98 silly addNameRange     '2.5.8',
98 silly addNameRange     '2.5.9',
98 silly addNameRange     '2.5.10',
98 silly addNameRange     '2.5.11',
98 silly addNameRange     '2.5.12',
98 silly addNameRange     '2.5.13',
98 silly addNameRange     '2.5.14',
98 silly addNameRange     '2.6.0',
98 silly addNameRange     '2.6.1',
98 silly addNameRange     '2.6.2',
98 silly addNameRange     '2.6.3',
98 silly addNameRange     '2.6.4',
98 silly addNameRange     '2.6.5',
98 silly addNameRange     '2.6.6',
98 silly addNameRange     '2.6.7',
98 silly addNameRange     '2.6.8',
98 silly addNameRange     '2.7.0',
98 silly addNameRange     '2.7.1',
98 silly addNameRange     '2.7.2',
98 silly addNameRange     '2.7.4',
98 silly addNameRange     '2.7.3',
98 silly addNameRange     '3.0.0',
98 silly addNameRange     '3.0.1',
98 silly addNameRange     '3.0.2',
98 silly addNameRange     '2.8.0',
98 silly addNameRange     '3.0.3',
98 silly addNameRange     '3.1.0',
98 silly addNameRange     '2.8.1',
98 silly addNameRange     '3.1.1',
98 silly addNameRange     '2.8.2',
98 silly addNameRange     '2.8.3',
98 silly addNameRange     '2.9.0',
98 silly addNameRange     '3.2.0',
98 silly addNameRange     '2.9.1',
98 silly addNameRange     '3.2.1',
98 silly addNameRange     '2.9.2',
98 silly addNameRange     '3.2.2',
98 silly addNameRange     '3.3.0',
98 silly addNameRange     '3.3.1',
98 silly addNameRange     '2.9.3',
98 silly addNameRange     '3.4.0',
98 silly addNameRange     '2.9.4',
98 silly addNameRange     '2.9.5',
98 silly addNameRange     '3.5.0',
98 silly addNameRange     '3.5.1',
98 silly addNameRange     '3.5.2',
98 silly addNameRange     '3.5.3',
98 silly addNameRange     '2.9.6',
98 silly addNameRange     '2.9.7',
98 silly addNameRange     '3.5.4',
98 silly addNameRange     '3.5.5',
98 silly addNameRange     '2.9.8',
98 silly addNameRange     '2.9.9',
98 silly addNameRange     '3.5.6',
98 silly addNameRange     '3.5.7',
98 silly addNameRange     '3.5.8',
98 silly addNameRange     '2.9.10',
98 silly addNameRange     '3.5.9',
98 silly addNameRange     '3.6.2',
98 silly addNameRange     '3.5.10',
98 silly addNameRange     '3.6.3',
98 silly addNameRange     '3.5.11',
98 silly addNameRange     '3.6.4',
98 silly addNameRange     '3.6.5',
98 silly addNameRange     '3.6.6',
98 silly addNameRange     '3.6.7',
98 silly addNameRange     '3.5.12',
98 silly addNameRange     '3.6.8',
98 silly addNameRange     '3.6.9',
98 silly addNameRange     '3.6.10',
98 silly addNameRange     '3.5.13',
98 silly addNameRange     '3.5.14',
98 silly addNameRange     '3.6.11',
98 silly addNameRange     '3.6.12',
98 silly addNameRange     '3.6.13',
98 silly addNameRange     '3.6.14',
98 silly addNameRange     '3.6.15',
98 silly addNameRange     '3.5.15',
98 silly addNameRange     '3.7.0',
98 silly addNameRange     '3.6.16',
98 silly addNameRange     '3.5.16',
98 silly addNameRange     '3.6.17',
98 silly addNameRange     '3.7.2',
98 silly addNameRange     '3.0.0-alpha1',
98 silly addNameRange     '3.0.0-alpha2',
98 silly addNameRange     '3.0.0-rc0',
98 silly addNameRange     '3.6.0-rc0',
98 silly addNameRange     '3.6.0-rc1',
98 silly addNameRange     '3.6.18',
98 silly addNameRange     '3.7.3',
98 silly addNameRange     '3.6.19',
98 silly addNameRange     '3.6.20',
98 silly addNameRange     '3.7.4',
98 silly addNameRange     '3.8.0',
98 silly addNameRange     '3.8.1',
98 silly addNameRange     '3.8.2',
98 silly addNameRange     '3.8.3',
98 silly addNameRange     '3.8.4',
98 silly addNameRange     '3.8.5',
98 silly addNameRange     '3.8.6',
98 silly addNameRange     '3.8.7',
98 silly addNameRange     '3.8.8',
98 silly addNameRange     '3.8.9',
98 silly addNameRange     '3.8.10',
98 silly addNameRange     '3.8.11',
98 silly addNameRange     '3.9.0',
98 silly addNameRange     '3.8.12',
98 silly addNameRange     '3.8.13',
98 silly addNameRange     '3.8.14',
98 silly addNameRange     '3.8.15',
98 silly addNameRange     '3.9.1',
98 silly addNameRange     '3.8.16',
98 silly addNameRange     '3.9.2',
98 silly addNameRange     '3.8.17',
98 silly addNameRange     '3.9.3',
98 silly addNameRange     '3.8.18',
98 silly addNameRange     '3.9.4' ] ]
99 verbose addNamed [ 'mongoose', '3.8.18' ]
100 verbose addNamed [ '3.8.18', '3.8.18' ]
101 silly lockFile bce763e9-mongoose-3-8-18 mongoose@3.8.18
102 verbose lock mongoose@3.8.18 /home/pit/.npm/bce763e9-mongoose-3-8-18.lock
103 silly lockFile bce763e9-mongoose-3-8-18 mongoose@3.8.18
104 silly lockFile bce763e9-mongoose-3-8-18 mongoose@3.8.18
105 silly lockFile e0e6dcd4-mongoose-3-8-18 mongoose@~3.8.18
106 silly lockFile e0e6dcd4-mongoose-3-8-18 mongoose@~3.8.18
107 error notarget No compatible version found: passport@'>=2.0.0-0 <2.1.0-0'
107 error notarget Valid install targets:
107 error notarget ["0.1.0","0.1.1","0.1.2","0.1.3","0.1.4","0.1.5","0.1.6","0.1.7","0.1.8","0.1.9","0.1.10","0.1.11","0.1.12","0.1.13","0.1.14","0.1.15","0.1.16","0.1.17","0.1.18","0.2.0","0.2.1"]
107 error notarget
107 error notarget This is most likely not a problem with npm itself.
107 error notarget In most cases you or one of your dependencies are requesting
107 error notarget a package version that doesn't exist.
108 error System Linux 3.5.0-54-generic
109 error command "/usr/bin/node" "/usr/bin/npm" "install"
110 error cwd /home/pit/workspace/adhocShow
111 error node -v v0.10.32
112 error npm -v 1.4.28
113 error code ETARGET
114 verbose exit [ 1, true ]
